{"level":"info","message":"User service running on port 3001","timestamp":"2026-05-11T17:39:19.342Z"}
{"level":"info","message":"Connected to database successfully","timestamp":"2026-05-11T17:42:53.281Z"}
{"level":"info","message":"User service running on port 3001","timestamp":"2026-05-11T17:42:53.301Z"}
{"level":"info","message":"Connected to database successfully","timestamp":"2026-05-11T17:43:12.027Z"}
{"level":"info","message":"User service running on port 3001","timestamp":"2026-05-11T17:43:12.032Z"}
{"level":"info","message":"Connected to database successfully","timestamp":"2026-05-11T17:50:36.031Z"}
{"level":"info","message":"User service running on port 3001","timestamp":"2026-05-11T17:50:36.051Z"}
{"level":"info","message":"Connected to database successfully","timestamp":"2026-05-11T19:18:27.766Z"}
{"level":"info","message":"User service running on port 3001","timestamp":"2026-05-11T19:18:27.774Z"}
{"level":"info","message":"Connected to database successfully","timestamp":"2026-05-11T19:21:10.847Z"}
{"level":"info","message":"User service running on port 3001","timestamp":"2026-05-11T19:21:10.856Z"}
{"level":"error","message":"Expected double-quoted property name in JSON at position 54 (line 4 column 1)","method":"POST","route":"/login","stack":"SyntaxError: Expected double-quoted property name in JSON at position 54 (line 4 column 1)\n    at JSON.parse (<anonymous>)\n    at parse (D:\\Workspace\\gmc-projects\\social-med-streeming-app\\User\\node_modules\\body-parser\\lib\\types\\json.js:72:19)\n    at D:\\Workspace\\gmc-projects\\social-med-streeming-app\\User\\node_modules\\body-parser\\lib\\read.js:162:18\n    at AsyncResource.runInAsyncScope (node:async_hooks:214:14)\n    at invokeCallback (D:\\Workspace\\gmc-projects\\social-med-streeming-app\\User\\node_modules\\raw-body\\index.js:238:16)\n    at done (D:\\Workspace\\gmc-projects\\social-med-streeming-app\\User\\node_modules\\raw-body\\index.js:227:7)\n    at IncomingMessage.onEnd (D:\\Workspace\\gmc-projects\\social-med-streeming-app\\User\\node_modules\\raw-body\\index.js:287:7)\n    at IncomingMessage.emit (node:events:518:28)\n    at endReadableNT (node:internal/streams/readable:1698:12)\n    at process.processTicksAndRejections (node:internal/process/task_queues:90:21)","timestamp":"2026-05-11T19:21:55.012Z"}
{"level":"info","message":"Connected to database successfully","timestamp":"2026-05-11T19:21:59.125Z"}
{"level":"info","message":"User service running on port 3001","timestamp":"2026-05-11T19:21:59.133Z"}
{"level":"info","message":"POST /login","timestamp":"2026-05-11T19:22:01.221Z"}
{"level":"error","message":"Test error handling in login","method":"POST","route":"/login","stack":"Error: Test error handling in login\n    at login (D:\\Workspace\\gmc-projects\\social-med-streeming-app\\User\\src\\controllers\\auth.js:43:15)\n    at Layer.handleRequest (D:\\Workspace\\gmc-projects\\social-med-streeming-app\\User\\node_modules\\router\\lib\\layer.js:152:17)\n    at next (D:\\Workspace\\gmc-projects\\social-med-streeming-app\\User\\node_modules\\router\\lib\\route.js:157:13)\n    at Route.dispatch (D:\\Workspace\\gmc-projects\\social-med-streeming-app\\User\\node_modules\\router\\lib\\route.js:117:3)\n    at handle (D:\\Workspace\\gmc-projects\\social-med-streeming-app\\User\\node_modules\\router\\index.js:435:11)\n    at Layer.handleRequest (D:\\Workspace\\gmc-projects\\social-med-streeming-app\\User\\node_modules\\router\\lib\\layer.js:152:17)\n    at D:\\Workspace\\gmc-projects\\social-med-streeming-app\\User\\node_modules\\router\\index.js:295:15\n    at processParams (D:\\Workspace\\gmc-projects\\social-med-streeming-app\\User\\node_modules\\router\\index.js:582:12)\n    at next (D:\\Workspace\\gmc-projects\\social-med-streeming-app\\User\\node_modules\\router\\index.js:291:5)\n    at D:\\Workspace\\gmc-projects\\social-med-streeming-app\\User\\server.js:18:3","timestamp":"2026-05-11T19:22:01.223Z"}
{"level":"info","message":"Connected to database successfully","timestamp":"2026-05-11T19:23:03.354Z"}
{"level":"info","message":"User service running on port 3001","timestamp":"2026-05-11T19:23:03.364Z"}
{"level":"info","message":"Connected to database successfully","timestamp":"2026-05-11T19:25:51.412Z"}
{"level":"info","message":"User service running on port 3001","timestamp":"2026-05-11T19:25:51.419Z"}
{"level":"info","message":"Connected to database successfully","timestamp":"2026-05-11T19:26:22.509Z"}
{"level":"info","message":"User service running on port 3001","timestamp":"2026-05-11T19:26:22.516Z"}
{"level":"info","message":"PUT /infos/4","timestamp":"2026-05-11T19:27:06.460Z"}
{"level":"info","message":"Connected to database successfully","timestamp":"2026-05-11T19:32:19.493Z"}
{"level":"info","message":"User service running on port 3001","timestamp":"2026-05-11T19:32:19.498Z"}
{"level":"info","message":"Connected to database successfully","timestamp":"2026-05-11T19:32:48.660Z"}
{"level":"info","message":"User service running on port 3001","timestamp":"2026-05-11T19:32:48.665Z"}
{"level":"info","message":"PUT /password/4","timestamp":"2026-05-11T19:33:54.136Z"}
{"level":"info","message":"POST /login","timestamp":"2026-05-11T19:35:14.834Z"}
{"level":"info","message":"POST /register","timestamp":"2026-05-11T19:45:01.952Z"}
{"level":"info","message":"POST /login","timestamp":"2026-05-11T19:46:52.548Z"}
{"level":"info","message":"Connected to database successfully","timestamp":"2026-05-11T19:47:23.640Z"}
{"level":"info","message":"User service running on port 3001","timestamp":"2026-05-11T19:47:23.647Z"}
{"level":"info","message":"Connected to database successfully","timestamp":"2026-05-11T19:47:30.683Z"}
{"level":"info","message":"User service running on port 3001","timestamp":"2026-05-11T19:47:30.689Z"}
{"level":"info","message":"POST /login","timestamp":"2026-05-11T19:47:35.369Z"}
{"level":"info","message":"POST /login","timestamp":"2026-05-11T19:47:38.995Z"}
{"level":"info","message":"Connected to database successfully","timestamp":"2026-05-11T19:48:02.408Z"}
{"level":"info","message":"User service running on port 3001","timestamp":"2026-05-11T19:48:02.418Z"}
{"level":"info","message":"POST /login","timestamp":"2026-05-11T19:48:04.061Z"}
{"level":"info","message":"PUT /password/24","timestamp":"2026-05-11T19:51:02.041Z"}
{"level":"info","message":"POST /login","timestamp":"2026-05-11T19:51:12.965Z"}
{"level":"info","message":"POST /login","timestamp":"2026-05-11T19:51:30.075Z"}
{"level":"info","message":"Connected to database successfully","timestamp":"2026-05-11T20:15:18.389Z"}
{"level":"info","message":"User service running on port 3001","timestamp":"2026-05-11T20:15:18.398Z"}
{"level":"info","message":"Connected to database successfully","timestamp":"2026-05-14T19:44:17.333Z"}
{"level":"info","message":"User service running on port 3001","timestamp":"2026-05-14T19:44:17.346Z"}
{"level":"info","message":"GET /infos/4","timestamp":"2026-05-14T19:50:00.267Z"}
{"level":"info","message":"GET /infos/10","timestamp":"2026-05-14T19:50:00.287Z"}
{"level":"info","message":"GET /infos/10","timestamp":"2026-05-14T19:50:00.291Z"}
{"level":"info","message":"GET /infos/4","timestamp":"2026-05-14T19:50:00.294Z"}
{"level":"error","message":"Validation error","method":"GET","route":"/infos/10","stack":"Error\n    at Query.run (D:\\Workspace\\gmc-projects\\social-med-streeming-app\\User\\node_modules\\sequelize\\lib\\dialects\\postgres\\query.js:50:25)\n    at D:\\Workspace\\gmc-projects\\social-med-streeming-app\\User\\node_modules\\sequelize\\lib\\sequelize.js:315:28\n    at process.processTicksAndRejections (node:internal/process/task_queues:105:5)\n    at async PostgresQueryInterface.insert (D:\\Workspace\\gmc-projects\\social-med-streeming-app\\User\\node_modules\\sequelize\\lib\\dialects\\abstract\\query-interface.js:308:21)\n    at async model.save (D:\\Workspace\\gmc-projects\\social-med-streeming-app\\User\\node_modules\\sequelize\\lib\\model.js:2490:35)\n    at async User_Settings.create (D:\\Workspace\\gmc-projects\\social-med-streeming-app\\User\\node_modules\\sequelize\\lib\\model.js:1362:12)\n    at async getUserInfos (D:\\Workspace\\gmc-projects\\social-med-streeming-app\\User\\src\\controllers\\user.js:20:24)","timestamp":"2026-05-14T19:50:03.349Z"}
{"level":"info","message":"GET /infos/9","timestamp":"2026-05-14T19:51:13.517Z"}
{"level":"info","message":"GET /infos/10","timestamp":"2026-05-14T19:51:13.523Z"}
{"level":"info","message":"GET /infos/10","timestamp":"2026-05-14T19:51:48.192Z"}
{"level":"info","message":"GET /infos/90000","timestamp":"2026-05-14T19:51:48.195Z"}
{"level":"info","message":"GET /infos/10","timestamp":"2026-05-14T19:55:27.215Z"}
{"level":"info","message":"GET /infos/900","timestamp":"2026-05-14T19:55:27.219Z"}
{"level":"info","message":"Connected to database successfully","timestamp":"2026-05-14T20:32:33.233Z"}
{"level":"info","message":"User service running on port 3001","timestamp":"2026-05-14T20:32:33.246Z"}
